2014-02-24 18:57:06 DEBUG spring:? - ****************** Entering com.wwsoft.spring.aop.Application.main...
2014-02-24 18:57:07 DEBUG spring:? - ****************** Leaving com.wwsoft.spring.aop.Application.main.
2014-02-24 18:59:42 DEBUG spring:? - ****************** Entering com.wwsoft.spring.aop.Application.main...
2014-02-24 18:59:43 DEBUG spring:? - ****************** Leaving com.wwsoft.spring.aop.Application.main.
2014-02-24 19:03:31 DEBUG spring:? - ****************** Entering com.wwsoft.spring.aop.Application.main...
2014-02-24 19:03:32 DEBUG spring:? - ****************** Leaving com.wwsoft.spring.aop.Application.main.
2014-02-24 19:05:15 DEBUG spring:? - ****************** Entering com.wwsoft.spring.aop.Application.main...
2014-02-24 19:06:00 DEBUG spring:? - ****************** Entering com.wwsoft.spring.aop.Application.main...
2014-02-24 19:06:02 DEBUG spring:? - ****************** logBefore() is running!
2014-02-24 19:06:02 DEBUG spring:? - ****************** hijacked : dummy
2014-02-24 19:06:02 DEBUG spring:? - ****************** ******
2014-02-24 19:06:02 DEBUG spring:? - ****************** Leaving com.wwsoft.spring.aop.Application.main.
2014-02-25 11:11:50 DEBUG spring:? - ****************** Entering com.wwsoft.spring.aop.Application.main...
2014-02-25 11:11:56 DEBUG spring:? - ****************** logBefore() is running!
2014-02-25 11:11:56 DEBUG spring:? - ****************** hijacked : dummy
2014-02-25 11:11:56 DEBUG spring:? - ****************** ******
2014-02-25 11:11:56 DEBUG spring:? - ****************** Leaving com.wwsoft.spring.aop.Application.main.
2014-02-25 11:13:19 DEBUG spring:? - ****************** Entering com.wwsoft.spring.aop.Application.main...
2014-02-25 11:13:20 DEBUG spring:? - ****************** Leaving com.wwsoft.spring.aop.Application.main.
2014-02-25 11:20:07 DEBUG spring:? - ****************** Entering com.wwsoft.spring.aop.Application.main...
2014-02-25 11:20:09 DEBUG spring:? - ****************** logBefore() is running!
2014-02-25 11:20:09 DEBUG spring:? - ****************** hijacked : dummy
2014-02-25 11:20:09 DEBUG spring:? - ****************** ****** Testing AOP with arguments.
2014-02-25 11:20:09 DEBUG spring:? - ****************** Leaving com.wwsoft.spring.aop.Application.main.
2014-02-25 11:21:12 DEBUG spring:? - ****************** Entering com.wwsoft.spring.aop.Application.main...
2014-02-25 11:21:14 DEBUG spring:? - ****************** logBefore() is running!
2014-02-25 11:21:14 DEBUG spring:? - ****************** hijacked : dummy
2014-02-25 11:21:14 DEBUG spring:? - ****************** ****** Testing AOP with arguments.
2014-02-25 11:21:14 DEBUG spring:? - ****************** Leaving com.wwsoft.spring.aop.Application.main.
2014-02-25 11:21:19 DEBUG spring:? - ****************** Entering com.wwsoft.spring.aop.Application.main...
2014-02-25 11:21:21 DEBUG spring:? - ****************** logBefore() is running!
2014-02-25 11:21:21 DEBUG spring:? - ****************** hijacked : dummy
2014-02-25 11:21:21 DEBUG spring:? - ****************** ****** Testing AOP with arguments.
2014-02-25 11:21:21 DEBUG spring:? - ****************** Leaving com.wwsoft.spring.aop.Application.main.
2014-02-25 11:21:35 DEBUG spring:? - ****************** Entering com.wwsoft.spring.aop.Application.main...
2014-02-25 11:21:37 DEBUG spring:? - ****************** #####AOPLogger##### logBefore() is running!
2014-02-25 11:21:37 DEBUG spring:? - ****************** #####AOPLogger##### hijacked : dummy
2014-02-25 11:21:37 DEBUG spring:? - ****************** #####AOPLogger##### Testing AOP with arguments.
2014-02-25 11:21:37 DEBUG spring:? - ****************** Leaving com.wwsoft.spring.aop.Application.main.
2015-02-04 23:57:31 DEBUG spring:? - ****************** Entering com.wwsoft.spring.aop.Application.main...
2015-02-04 23:57:31 DEBUG spring:? - ****************** #####AOPLogger##### logBefore() is running!
2015-02-04 23:57:31 DEBUG spring:? - ****************** #####AOPLogger##### hijacked : dummy
2015-02-04 23:57:31 DEBUG spring:? - ****************** #####AOPLogger##### Testing AOP with arguments.
2015-02-04 23:57:31 DEBUG spring:? - ****************** Leaving com.wwsoft.spring.aop.Application.main.
2015-02-05 00:22:05 DEBUG spring:? - ****************** Entering com.wwsoft.spring.aop.Application.main...
2015-02-05 00:22:06 DEBUG spring:? - ****************** #####AOPLogger##### logBefore() is running!
2015-02-05 00:22:06 DEBUG spring:? - ****************** #####AOPLogger##### hijacked : dummy
2015-02-05 00:22:06 DEBUG spring:? - ****************** #####AOPLogger##### Testing AOP with arguments.
2015-02-05 00:22:06 DEBUG spring:? - ****************** Leaving com.wwsoft.spring.aop.Application.main.
2016-06-16 03:18:15 DEBUG spring:? - ****************** Entering com.wwsoft.spring.aop.Application.main...
2016-06-16 03:20:48 DEBUG spring:? - ****************** Entering com.wwsoft.spring.aop.Application.main...
2016-06-16 03:21:30 DEBUG spring:? - ****************** Entering com.wwsoft.spring.aop.Application.main...
2016-06-16 03:22:06 DEBUG spring:? - ****************** Entering com.wwsoft.spring.aop.Application.main...
2016-06-16 03:22:33 DEBUG spring:? - ****************** Entering com.wwsoft.spring.aop.Application.main...
2016-06-16 03:23:20 DEBUG spring:? - ****************** Entering com.wwsoft.spring.aop.Application.main...
2016-06-16 03:24:38 DEBUG spring:? - ****************** Entering com.wwsoft.spring.aop.Application.main...
2016-06-16 03:24:38 DEBUG spring:? - ****************** #####AOPLogger##### logBefore() is running!
2016-06-16 03:24:38 DEBUG spring:? - ****************** #####AOPLogger##### hijacked : dummy
2016-06-16 03:24:38 DEBUG spring:? - ****************** #####AOPLogger##### Testing AOP with arguments.
2016-06-16 03:24:38 DEBUG spring:? - ****************** Leaving com.wwsoft.spring.aop.Application.main.
2016-06-16 03:27:06 DEBUG spring:? - ****************** Entering com.wwsoft.spring.aop.Application.main...
2016-06-16 03:27:07 DEBUG spring:? - ****************** #####AOPLogger##### logBefore() is running!
2016-06-16 03:27:07 DEBUG spring:? - ****************** #####AOPLogger##### hijacked : dummy
2016-06-16 03:27:07 DEBUG spring:? - ****************** #####AOPLogger##### Testing AOP with arguments.
2016-06-16 03:27:07 DEBUG spring:? - ****************** Leaving com.wwsoft.spring.aop.Application.main.
2016-06-16 03:27:29 DEBUG spring:? - ****************** Entering com.wwsoft.spring.aop.Application.main...
2016-06-16 03:27:30 DEBUG spring:? - ****************** #####AOPLogger##### logBefore() is running!
2016-06-16 03:27:30 DEBUG spring:? - ****************** #####AOPLogger##### hijacked : dummy
2016-06-16 03:27:30 DEBUG spring:? - ****************** #####AOPLogger##### Testing AOP with arguments.
2016-06-16 03:27:30 DEBUG spring:? - ****************** Leaving com.wwsoft.spring.aop.Application.main.
2016-06-16 03:28:31 DEBUG spring:? - ****************** Entering com.wwsoft.spring.aop.Application.main...
2016-06-16 03:28:32 DEBUG spring:? - ****************** #####AOPLogger##### logBefore() is running!
2016-06-16 03:28:32 DEBUG spring:? - ****************** #####AOPLogger##### hijacked : dummy
2016-06-16 03:28:32 DEBUG spring:? - ****************** #####AOPLogger##### Testing AOP with arguments.
2016-06-16 03:28:32 DEBUG spring:? - ****************** Leaving com.wwsoft.spring.aop.Application.main.
2016-06-16 03:28:41 DEBUG spring:? - ****************** Entering com.wwsoft.spring.aop.Application.main...
2016-06-16 03:28:41 DEBUG spring:? - ****************** #####AOPLogger##### logBefore() is running!
2016-06-16 03:28:41 DEBUG spring:? - ****************** #####AOPLogger##### hijacked : dummy
2016-06-16 03:28:41 DEBUG spring:? - ****************** #####AOPLogger##### Testing AOP with arguments.
2016-06-16 03:28:41 DEBUG spring:? - ****************** Leaving com.wwsoft.spring.aop.Application.main.
2016-06-16 03:29:40 DEBUG spring:? - ****************** Entering com.wwsoft.spring.aop.Application.main...
2016-06-16 03:29:40 DEBUG spring:? - ****************** #####AOPLogger##### logBefore() is running!
2016-06-16 03:29:40 DEBUG spring:? - ****************** #####AOPLogger##### hijacked : dummy
2016-06-16 03:29:40 DEBUG spring:? - ****************** #####AOPLogger##### Testing AOP with arguments.
2016-06-16 03:29:40 DEBUG spring:? - ****************** Leaving com.wwsoft.spring.aop.Application.main.
2016-06-16 03:31:29 DEBUG spring:? - ****************** Entering com.wwsoft.spring.aop.Application.main...
2016-06-16 03:31:29 DEBUG spring:? - ****************** #####AOPLogger##### logBefore() is running!
2016-06-16 03:31:29 DEBUG spring:? - ****************** #####AOPLogger##### HiJacked : dummy
2016-06-16 03:31:29 DEBUG spring:? - ****************** #####AOPLogger##### Testing AOP with arguments.
2016-06-16 03:31:29 DEBUG spring:? - ****************** #####Module.dummy##### starts...
2016-06-16 03:31:29 DEBUG spring:? - ****************** #####Module.dummy##### The message: Testing AOP with arguments.
2016-06-16 03:31:29 DEBUG spring:? - ****************** #####Module.dummy##### end.
2016-06-16 03:31:29 DEBUG spring:? - ****************** Leaving com.wwsoft.spring.aop.Application.main.
2016-06-16 03:32:03 DEBUG spring:? - ****************** Entering com.wwsoft.spring.aop.Application.main...
2016-06-16 03:32:03 DEBUG spring:? - ****************** #####AOPLogger##### logBefore() is running!
2016-06-16 03:32:03 DEBUG spring:? - ****************** #####AOPLogger##### HiJacked : dummy
2016-06-16 03:32:03 DEBUG spring:? - ****************** #####AOPLogger##### Testing AOP with arguments.
2016-06-16 03:32:03 DEBUG spring:? - ****************** #####Module.dummy##### starts...
2016-06-16 03:32:03 DEBUG spring:? - ****************** #####Module.dummy##### The message: Testing AOP with arguments.
2016-06-16 03:32:03 DEBUG spring:? - ****************** #####Module.dummy##### end.
2016-06-16 03:32:03 DEBUG spring:? - ****************** Leaving com.wwsoft.spring.aop.Application.main.
2016-06-16 03:32:25 DEBUG spring:? - ****************** Entering com.wwsoft.spring.aop.Application.main...
2016-06-16 03:32:25 DEBUG spring:? - ****************** #####AOPLogger##### logBefore() is running!
2016-06-16 03:32:25 DEBUG spring:? - ****************** #####AOPLogger##### HiJacked : dummy
2016-06-16 03:32:25 DEBUG spring:? - ****************** #####AOPLogger##### Testing AOP with arguments.
2016-06-16 03:32:25 DEBUG spring:? - ****************** Leaving com.wwsoft.spring.aop.Application.main.
2016-06-16 03:33:25 DEBUG spring:? - ****************** Entering com.wwsoft.spring.aop.Application.main...
2016-06-16 03:33:26 DEBUG spring:? - ****************** #####Module.dummy##### starts...
2016-06-16 03:33:26 DEBUG spring:? - ****************** #####Module.dummy##### The message: Testing AOP with arguments.
2016-06-16 03:33:26 DEBUG spring:? - ****************** #####Module.dummy##### end.
2016-06-16 03:33:26 DEBUG spring:? - ****************** #####AOPLogger##### logBefore() is running!
2016-06-16 03:33:26 DEBUG spring:? - ****************** #####AOPLogger##### HiJacked : dummy
2016-06-16 03:33:26 DEBUG spring:? - ****************** #####AOPLogger##### Testing AOP with arguments.
2016-06-16 03:33:26 DEBUG spring:? - ****************** Leaving com.wwsoft.spring.aop.Application.main.
2016-06-16 03:38:46 DEBUG spring:? - ****************** Entering com.wwsoft.spring.aop.Application.main...
2016-06-16 03:38:47 DEBUG spring:? - ****************** #####Module.dummy##### starts...
2016-06-16 03:38:47 DEBUG spring:? - ****************** #####Module.dummy##### The message: Testing AOP with arguments.
2016-06-16 03:38:47 DEBUG spring:? - ****************** #####Module.dummy##### end.
2016-06-16 03:38:47 DEBUG spring:? - ****************** #####AOPLogger##### logBefore() is running!
2016-06-16 03:38:47 DEBUG spring:? - ****************** #####AOPLogger##### HiJacked : dummy
2016-06-16 03:38:47 DEBUG spring:? - ****************** #####AOPLogger##### Testing AOP with arguments.
2016-06-16 03:38:47 DEBUG spring:? - ****************** Leaving com.wwsoft.spring.aop.Application.main.
2016-06-16 03:39:06 DEBUG spring:? - ****************** Entering com.wwsoft.spring.aop.Application.main...
2016-06-16 03:42:36 DEBUG spring:? - ****************** Entering com.wwsoft.spring.aop.Application.main...
2016-06-16 03:45:19 DEBUG spring:? - ****************** Entering com.wwsoft.spring.aop.Application.main...
2016-06-16 03:46:19 DEBUG spring:? - ****************** Entering com.wwsoft.spring.aop.Application.main...
2016-06-16 03:52:09 DEBUG spring:? - ****************** Entering com.wwsoft.spring.aop.Application.main...
2016-06-16 03:52:28 DEBUG spring:? - ****************** Entering com.wwsoft.spring.aop.Application.main...
2016-06-16 03:52:28 DEBUG spring:? - ****************** #####Module.dummy##### starts...
2016-06-16 03:52:28 DEBUG spring:? - ****************** #####Module.dummy##### The message: Testing AOP with arguments.
2016-06-16 03:52:28 DEBUG spring:? - ****************** #####Module.dummy##### end.
2016-06-16 03:52:28 DEBUG spring:? - ****************** #####AOPLogger##### logBefore() is running!
2016-06-16 03:52:28 DEBUG spring:? - ****************** #####AOPLogger##### HiJacked : dummy
2016-06-16 03:52:28 DEBUG spring:? - ****************** #####AOPLogger##### Testing AOP with arguments.
2016-06-16 03:52:28 DEBUG spring:? - ****************** Leaving com.wwsoft.spring.aop.Application.main.
2016-06-16 03:59:01 DEBUG spring:? - ****************** Entering com.wwsoft.spring.aop.Application.main...
2016-06-16 03:59:37 DEBUG spring:? - ****************** Entering com.wwsoft.spring.aop.Application.main...
2016-06-16 03:59:38 DEBUG spring:? - ****************** #####Module.dummy##### starts...
2016-06-16 03:59:38 DEBUG spring:? - ****************** #####Module.dummy##### The message: Testing AOP with arguments.
2016-06-16 03:59:38 DEBUG spring:? - ****************** #####Module.dummy##### end.
2016-06-16 03:59:38 DEBUG spring:? - ****************** Leaving com.wwsoft.spring.aop.Application.main.
2016-06-16 04:00:20 DEBUG spring:? - ****************** Entering com.wwsoft.spring.aop.Application.main...
2016-06-16 04:00:20 DEBUG spring:? - ****************** #####Module.dummy##### starts...
2016-06-16 04:00:20 DEBUG spring:? - ****************** #####Module.dummy##### The message: Testing AOP with arguments.
2016-06-16 04:00:20 DEBUG spring:? - ****************** #####Module.dummy##### end.
2016-06-16 04:00:20 DEBUG spring:? - ****************** Leaving com.wwsoft.spring.aop.Application.main.
2016-06-16 04:02:24 DEBUG spring:? - ****************** Entering com.wwsoft.spring.aop.Application.main...
2016-06-16 04:02:24 DEBUG spring:? - ****************** #####Module.dummy##### starts...
2016-06-16 04:02:24 DEBUG spring:? - ****************** #####Module.dummy##### The message: Testing AOP with arguments.
2016-06-16 04:02:24 DEBUG spring:? - ****************** #####Module.dummy##### end.
2016-06-16 04:02:24 DEBUG spring:? - ****************** Leaving com.wwsoft.spring.aop.Application.main.
2016-06-16 04:11:28 DEBUG spring:? - ****************** Entering com.wwsoft.spring.aop.Application.main...
2016-06-16 04:14:51 DEBUG spring:? - ****************** Entering com.wwsoft.spring.aop.Application.main...
2016-06-16 04:14:51 DEBUG spring:? - ****************** #####AOPLogger##### logBefore() is running!
2016-06-16 04:14:51 DEBUG spring:? - ****************** #####AOPLogger##### HiJacked : dummy
2016-06-16 04:14:51 DEBUG spring:? - ****************** #####AOPLogger##### Testing AOP with arguments.
2016-06-16 04:14:51 DEBUG spring:? - ****************** #####Module.dummy##### starts...
2016-06-16 04:14:51 DEBUG spring:? - ****************** #####Module.dummy##### The message: Testing AOP with arguments.
2016-06-16 04:14:51 DEBUG spring:? - ****************** #####Module.dummy##### end.
2016-06-16 04:14:51 DEBUG spring:? - ****************** Leaving com.wwsoft.spring.aop.Application.main.
2016-06-17 00:36:07 DEBUG spring:? - ****************** Entering com.wwsoft.spring.aop.Application.main...
2016-06-17 00:36:08 DEBUG spring:? - ****************** #####AOPLogger##### logBefore() is running!
2016-06-17 00:36:08 DEBUG spring:? - ****************** #####AOPLogger##### HiJacked : dummy
2016-06-17 00:36:08 DEBUG spring:? - ****************** #####AOPLogger##### Testing AOP with arguments.
2016-06-17 00:36:08 DEBUG spring:? - ****************** #####Module.dummy##### starts...
2016-06-17 00:36:08 DEBUG spring:? - ****************** #####Module.dummy##### The message: Testing AOP with arguments.
2016-06-17 00:36:08 DEBUG spring:? - ****************** #####Module.dummy##### end.
2016-06-17 00:36:08 DEBUG spring:? - ****************** Leaving com.wwsoft.spring.aop.Application.main.
